<?xml version="1.0" encoding="UTF-8"?>
<testng-results ignored="0" total="1" passed="1" failed="0" skipped="0">
  <reporter-output>
  </reporter-output>
  <suite started-at="2022-03-21T07:19:05 AEST" name="Default suite" finished-at="2022-03-21T07:19:51 AEST" duration-ms="46092">
    <groups>
    </groups>
    <test started-at="2022-03-21T07:19:05 AEST" name="Default test" finished-at="2022-03-21T07:19:51 AEST" duration-ms="46092">
      <class name="com.zert.java.webautomation.testcases.LoginTest">
        <test-method is-config="true" signature="setup()[pri:0, instance:com.zert.java.webautomation.testcases.LoginTest@6be968ce]" started-at="2022-03-21T07:19:05 AEST" name="setup" finished-at="2022-03-21T07:19:48 AEST" duration-ms="43584" status="PASS">
          <reporter-output>
          </reporter-output>
        </test-method> <!-- setup -->
        <test-method signature="loginTest()[pri:0, instance:com.zert.java.webautomation.testcases.LoginTest@6be968ce]" started-at="2022-03-21T07:19:48 AEST" name="loginTest" finished-at="2022-03-21T07:19:49 AEST" duration-ms="879" status="PASS">
          <reporter-output>
          </reporter-output>
        </test-method> <!-- loginTest -->
        <test-method is-config="true" signature="tearDown()[pri:0, instance:com.zert.java.webautomation.testcases.LoginTest@6be968ce]" started-at="2022-03-21T07:19:49 AEST" name="tearDown" finished-at="2022-03-21T07:19:51 AEST" duration-ms="1573" status="PASS">
          <reporter-output>
          </reporter-output>
        </test-method> <!-- tearDown -->
      </class> <!-- com.zert.java.webautomation.testcases.LoginTest -->
    </test> <!-- Default test -->
  </suite> <!-- Default suite -->
</testng-results>
